# JRE version: Java(TM) SE Runtime Environment (8.0_112-b15) (build 1.8.0_112-b15)
# Java VM: Java HotSpot(TM) 64-Bit Server VM (25.112-b15 mixed mode windows-amd64 compressed oops)
Heap:
 PSYoungGen      total 57344K, used 38055K [0x00000007bc400000, 0x00000007c0000000, 0x00000007c0000000)
  eden space 53248K, 68% used [0x00000007bc400000,0x00000007be769f68,0x00000007bf800000)
  from space 4096K, 43% used [0x00000007bf800000,0x00000007bf9c0000,0x00000007bfc00000)
  to   space 4096K, 0% used [0x00000007bfc00000,0x00000007bfc00000,0x00000007c0000000)
 ParOldGen       total 161280K, used 49449K [0x0000000700000000, 0x0000000709d80000, 0x00000007bc400000)
  object space 161280K, 30% used [0x0000000700000000,0x000000070304a7a0,0x0000000709d80000)
 Metaspace       used 65365K, capacity 65949K, committed 66480K, reserved 1105920K
  class space    used 9189K, capacity 9307K, committed 9392K, reserved 1048576K
GC Heap History (10 events):
Event: 783.078 GC heap before
{Heap before GC invocations=75 (full 4):
 PSYoungGen      total 56832K, used 55104K [0x00000007bc400000, 0x00000007c0000000, 0x00000007c0000000)
  eden space 52224K, 100% used [0x00000007bc400000,0x00000007bf700000,0x00000007bf700000)
  from space 4608K, 62% used [0x00000007bfb80000,0x00000007bfe50000,0x00000007c0000000)
  to   space 4608K, 0% used [0x00000007bf700000,0x00000007bf700000,0x00000007bfb80000)
 ParOldGen       total 161280K, used 48108K [0x0000000700000000, 0x0000000709d80000, 0x00000007bc400000)
  object space 161280K, 29% used [0x0000000700000000,0x0000000702efb260,0x0000000709d80000)
 Metaspace       used 65237K, capacity 65821K, committed 66480K, reserved 1105920K
  class space    used 9189K, capacity 9307K, committed 9392K, reserved 1048576K
Event: 783.083 GC heap after
Heap after GC invocations=75 (full 4):
 PSYoungGen      total 56832K, used 2944K [0x00000007bc400000, 0x00000007c0000000, 0x00000007c0000000)
  eden space 52224K, 0% used [0x00000007bc400000,0x00000007bc400000,0x00000007bf700000)
  from space 4608K, 63% used [0x00000007bf700000,0x00000007bf9e0000,0x00000007bfb80000)
  to   space 4608K, 0% used [0x00000007bfb80000,0x00000007bfb80000,0x00000007c0000000)
 ParOldGen       total 161280K, used 48116K [0x0000000700000000, 0x0000000709d80000, 0x00000007bc400000)
  object space 161280K, 29% used [0x0000000700000000,0x0000000702efd260,0x0000000709d80000)
 Metaspace       used 65237K, capacity 65821K, committed 66480K, reserved 1105920K
  class space    used 9189K, capacity 9307K, committed 9392K, reserved 1048576K
}
Event: 783.858 GC heap before
{Heap before GC invocations=76 (full 4):
 PSYoungGen      total 56832K, used 55168K [0x00000007bc400000, 0x00000007c0000000, 0x00000007c0000000)
  eden space 52224K, 100% used [0x00000007bc400000,0x00000007bf700000,0x00000007bf700000)
  from space 4608K, 63% used [0x00000007bf700000,0x00000007bf9e0000,0x00000007bfb80000)
  to   space 4608K, 0% used [0x00000007bfb80000,0x00000007bfb80000,0x00000007c0000000)
 ParOldGen       total 161280K, used 48116K [0x0000000700000000, 0x0000000709d80000, 0x00000007bc400000)
  object space 161280K, 29% used [0x0000000700000000,0x0000000702efd260,0x0000000709d80000)
 Metaspace       used 65241K, capacity 65821K, committed 66480K, reserved 1105920K
  class space    used 9189K, capacity 9307K, committed 9392K, reserved 1048576K
Event: 783.862 GC heap after
Heap after GC invocations=76 (full 4):
 PSYoungGen      total 56832K, used 1952K [0x00000007bc400000, 0x00000007c0000000, 0x00000007c0000000)
  eden space 52224K, 0% used [0x00000007bc400000,0x00000007bc400000,0x00000007bf700000)
  from space 4608K, 42% used [0x00000007bfb80000,0x00000007bfd68000,0x00000007c0000000)
  to   space 4608K, 0% used [0x00000007bf700000,0x00000007bf700000,0x00000007bfb80000)
 ParOldGen       total 161280K, used 48850K [0x0000000700000000, 0x0000000709d80000, 0x00000007bc400000)
  object space 161280K, 30% used [0x0000000700000000,0x0000000702fb4ab8,0x0000000709d80000)
 Metaspace       used 65241K, capacity 65821K, committed 66480K, reserved 1105920K
  class space    used 9189K, capacity 9307K, committed 9392K, reserved 1048576K
}
Event: 784.421 GC heap before
{Heap before GC invocations=77 (full 4):
 PSYoungGen      total 56832K, used 54176K [0x00000007bc400000, 0x00000007c0000000, 0x00000007c0000000)
  eden space 52224K, 100% used [0x00000007bc400000,0x00000007bf700000,0x00000007bf700000)
  from space 4608K, 42% used [0x00000007bfb80000,0x00000007bfd68000,0x00000007c0000000)
  to   space 4608K, 0% used [0x00000007bf700000,0x00000007bf700000,0x00000007bfb80000)
 ParOldGen       total 161280K, used 48850K [0x0000000700000000, 0x0000000709d80000, 0x00000007bc400000)
  object space 161280K, 30% used [0x0000000700000000,0x0000000702fb4ab8,0x0000000709d80000)
 Metaspace       used 65241K, capacity 65821K, committed 66480K, reserved 1105920K
  class space    used 9189K, capacity 9307K, committed 9392K, reserved 1048576K
Event: 784.425 GC heap after
Heap after GC invocations=77 (full 4):
 PSYoungGen      total 56832K, used 1984K [0x00000007bc400000, 0x00000007c0000000, 0x00000007c0000000)
  eden space 52224K, 0% used [0x00000007bc400000,0x00000007bc400000,0x00000007bf700000)
  from space 4608K, 43% used [0x00000007bf700000,0x00000007bf8f0000,0x00000007bfb80000)
  to   space 4096K, 0% used [0x00000007bfc00000,0x00000007bfc00000,0x00000007c0000000)
 ParOldGen       total 161280K, used 48922K [0x0000000700000000, 0x0000000709d80000, 0x00000007bc400000)
  object space 161280K, 30% used [0x0000000700000000,0x0000000702fc6ab8,0x0000000709d80000)
 Metaspace       used 65241K, capacity 65821K, committed 66480K, reserved 1105920K
  class space    used 9189K, capacity 9307K, committed 9392K, reserved 1048576K
}
Event: 784.949 GC heap before
{Heap before GC invocations=78 (full 4):
 PSYoungGen      total 56832K, used 54208K [0x00000007bc400000, 0x00000007c0000000, 0x00000007c0000000)
  eden space 52224K, 100% used [0x00000007bc400000,0x00000007bf700000,0x00000007bf700000)
  from space 4608K, 43% used [0x00000007bf700000,0x00000007bf8f0000,0x00000007bfb80000)
  to   space 4096K, 0% used [0x00000007bfc00000,0x00000007bfc00000,0x00000007c0000000)
 ParOldGen       total 161280K, used 48922K [0x0000000700000000, 0x0000000709d80000, 0x00000007bc400000)
  object space 161280K, 30% used [0x0000000700000000,0x0000000702fc6ab8,0x0000000709d80000)
 Metaspace       used 65241K, capacity 65821K, committed 66480K, reserved 1105920K
  class space    used 9189K, capacity 9307K, committed 9392K, reserved 1048576K
Event: 784.954 GC heap after
Heap after GC invocations=78 (full 4):
 PSYoungGen      total 57344K, used 2112K [0x00000007bc400000, 0x00000007c0000000, 0x00000007c0000000)
  eden space 53248K, 0% used [0x00000007bc400000,0x00000007bc400000,0x00000007bf800000)
  from space 4096K, 51% used [0x00000007bfc00000,0x00000007bfe10000,0x00000007c0000000)
  to   space 4096K, 0% used [0x00000007bf800000,0x00000007bf800000,0x00000007bfc00000)
 ParOldGen       total 161280K, used 48930K [0x0000000700000000, 0x0000000709d80000, 0x00000007bc400000)
  object space 161280K, 30% used [0x0000000700000000,0x0000000702fc8ab8,0x0000000709d80000)
 Metaspace       used 65241K, capacity 65821K, committed 66480K, reserved 1105920K
  class space    used 9189K, capacity 9307K, committed 9392K, reserved 1048576K
}
Event: 790.144 GC heap before
{Heap before GC invocations=79 (full 4):
 PSYoungGen      total 57344K, used 55360K [0x00000007bc400000, 0x00000007c0000000, 0x00000007c0000000)
  eden space 53248K, 100% used [0x00000007bc400000,0x00000007bf800000,0x00000007bf800000)
  from space 4096K, 51% used [0x00000007bfc00000,0x00000007bfe10000,0x00000007c0000000)
  to   space 4096K, 0% used [0x00000007bf800000,0x00000007bf800000,0x00000007bfc00000)
 ParOldGen       total 161280K, used 48930K [0x0000000700000000, 0x0000000709d80000, 0x00000007bc400000)
  object space 161280K, 30% used [0x0000000700000000,0x0000000702fc8ab8,0x0000000709d80000)
 Metaspace       used 65276K, capacity 65821K, committed 66480K, reserved 1105920K
  class space    used 9189K, capacity 9307K, committed 9392K, reserved 1048576K
Event: 790.147 GC heap after
Heap after GC invocations=79 (full 4):
 PSYoungGen      total 57344K, used 1792K [0x00000007bc400000, 0x00000007c0000000, 0x00000007c0000000)
  eden space 53248K, 0% used [0x00000007bc400000,0x00000007bc400000,0x00000007bf800000)
  from space 4096K, 43% used [0x00000007bf800000,0x00000007bf9c0000,0x00000007bfc00000)
  to   space 4096K, 0% used [0x00000007bfc00000,0x00000007bfc00000,0x00000007c0000000)
 ParOldGen       total 161280K, used 49449K [0x0000000700000000, 0x0000000709d80000, 0x00000007bc400000)
  object space 161280K, 30% used [0x0000000700000000,0x000000070304a7a0,0x0000000709d80000)
 Metaspace       used 65276K, capacity 65821K, committed 66480K, reserved 1105920K
  class space    used 9189K, capacity 9307K, committed 9392K, reserved 1048576K
}

